<?xml version="1.0" encoding="UTF-8"?>
<!-- Generated by org.testng.reporters.JUnitReportReporter -->
<testsuite hostname="C-107" name="PH2p1.LogIn" tests="1" failures="0" timestamp="7 May 2015 05:34:31 GMT" time="12.954" errors="0">
  <testcase name="loginFunc" time="12.954" classname="PH2p1.LogIn"/>
</testsuite> <!-- PH2p1.LogIn -->
